Using pre-set license
Built from '2020.3/release' branch; Version is '2020.3.12f1 (b3b2c6512326) revision 11776710'; Using compiler version '192528614'; Build Type 'Release'
OS: 'Windows 10 Home Single Language; OS build 19043.1348; Version 2009; 64bit' Language: 'pt' Physical Memory: 8072 MB
BatchMode: 1, IsHumanControllingUs: 0, StartBugReporterOnCrash: 0, Is64bit: 1, IsPro: 0

 COMMAND LINE ARGUMENTS:
C:\Program Files\Unity\Hub\Editor\2020.3.12f1\Editor\Unity.exe
-adb2
-batchMode
-noUpm
-name
AssetImportWorker0
-projectPath
C:/Users/cmplg/Downloads/trabalho2CG-master/trabalho2CG-master
-logFile
Logs/AssetImportWorker0.log
-srvPort
62762
Successfully changed project path to: C:/Users/cmplg/Downloads/trabalho2CG-master/trabalho2CG-master
C:/Users/cmplg/Downloads/trabalho2CG-master/trabalho2CG-master
Using Asset Import Pipeline V2.
Refreshing native plugins compatible for Editor in 110.63 ms, found 2 plugins.
Preloading 0 native plugins for Editor in 0.00 ms.
Initialize engine version: 2020.3.12f1 (b3b2c6512326)
[Subsystems] Discovering subsystems at path C:/Program Files/Unity/Hub/Editor/2020.3.12f1/Editor/Data/Resources/UnitySubsystems
[Subsystems] Discovering subsystems at path C:/Users/cmplg/Downloads/trabalho2CG-master/trabalho2CG-master/Assets
GfxDevice: creating device client; threaded=0
Direct3D:
    Version:  Direct3D 11.0 [level 11.1]
    Renderer: Intel(R) UHD Graphics 620 (ID=0x3ea0)
    Vendor:   
    VRAM:     4036 MB
    Driver:   27.20.100.8729
Initialize mono
Mono path[0] = 'C:/Program Files/Unity/Hub/Editor/2020.3.12f1/Editor/Data/Managed'
Mono path[1] = 'C:/Program Files/Unity/Hub/Editor/2020.3.12f1/Editor/Data/MonoBleedingEdge/lib/mono/unityjit'
Mono config path = 'C:/Program Files/Unity/Hub/Editor/2020.3.12f1/Editor/Data/MonoBleedingEdge/etc'
Using monoOptions --debugger-agent=transport=dt_socket,embedding=1,server=y,suspend=n,address=127.0.0.1:56176
Begin MonoManager ReloadAssembly
Registering precompiled unity dll's ...
Register platform support module: C:/Program Files/Unity/Hub/Editor/2020.3.12f1/Editor/Data/PlaybackEngines/WebGLSupport/UnityEditor.WebGL.Extensions.dll
Register platform support module: C:/Program Files/Unity/Hub/Editor/2020.3.12f1/Editor/Data/PlaybackEngines/WindowsStandaloneSupport/UnityEditor.WindowsStandalone.Extensions.dll
Registered in 0.007547 seconds.
Native extension for WindowsStandalone target not found
Native extension for WebGL target not found
Refreshing native plugins compatible for Editor in 89.03 ms, found 2 plugins.
Preloading 0 native plugins for Editor in 0.00 ms.
Mono: successfully reloaded assembly
- Completed reload, in  3.435 seconds
Platform modules already initialized, skipping
Registering precompiled user dll's ...
Registered in 0.014023 seconds.
Begin MonoManager ReloadAssembly
Native extension for WindowsStandalone target not found
Native extension for WebGL target not found
Refreshing native plugins compatible for Editor in 0.81 ms, found 2 plugins.
Preloading 0 native plugins for Editor in 0.00 ms.
Mono: successfully reloaded assembly
- Completed reload, in  1.773 seconds
Platform modules already initialized, skipping
========================================================================
Worker process is ready to serve import requests
Launched and connected shader compiler UnityShaderCompiler.exe after 0.22 seconds
Refreshing native plugins compatible for Editor in 1.33 ms, found 2 plugins.
Preloading 0 native plugins for Editor in 0.00 ms.
Unloading 2068 Unused Serialized files (Serialized files now loaded: 0)
System memory in use before: 88.6 MB.
System memory in use after: 88.7 MB.

Unloading 58 unused Assets to reduce memory usage. Loaded Objects now: 2473.
Total: 12.138000 ms (FindLiveObjects: 0.449200 ms CreateObjectMapping: 0.185200 ms MarkObjects: 11.368400 ms  DeleteObjects: 0.132700 ms)

AssetImportParameters requested are different than current active one (requested -> active):
  custom:framework-win-MediaFoundation: 216162199b28c13a410421893ffa2e32 -> 
  custom:video-decoder-ogg-theora: a1e56fd34408186e4bbccfd4996cb3dc -> 
  custom:container-muxer-webm: aa71ff27fc2769a1b78a27578f13a17b -> 
  custom:container-demuxer-webm: 4f35f7cbe854078d1ac9338744f61a02 -> 
  custom:container-demuxer-ogg: 62fdf1f143b41e24485cea50d1cbac27 -> 
  custom:video-encoder-webm-vp8: eb34c28f22e8b96e1ab97ce403110664 -> 
  custom:video-codec-MediaFoundation-h265: 746d11721c4dcdbdad8f713fa42b33f4 -> 
  custom:video-decoder-webm-vp8: 9c59270c3fd7afecdb556c50c9e8de78 -> 
  custom:audio-decoder-ogg-vorbis: bf7c407c2cedff20999df2af8eb42d56 -> 
  custom:audio-encoder-webm-vorbis: bf7c407c2cedff20999df2af8eb42d56 -> 
========================================================================
Received Import Request.
  path: Assets/TerrainData_fc5427e3-d2aa-402e-a16c-49e1affd1dfb.asset
  artifactKey: Guid(42cf4813d43f7b044900a9330bd7c06d) Importer(815301076,1909f56bfc062723c751e8b465ee728b)
Start importing Assets/TerrainData_fc5427e3-d2aa-402e-a16c-49e1affd1dfb.asset using Guid(42cf4813d43f7b044900a9330bd7c06d) Importer(815301076,1909f56bfc062723c751e8b465ee728b)  -> (artifact id: '470acc5b650adb0cadf5c5b5e9cb958b') in 0.118297 seconds 
  Import took 0.125802 seconds .

========================================================================
Received Import Request.
  Time since last request: 0.000921 seconds.
  path: Assets/NewLayer.terrainlayer
  artifactKey: Guid(b19d7954d493ba7439542c8b7150679f) Importer(815301076,1909f56bfc062723c751e8b465ee728b)
Start importing Assets/NewLayer.terrainlayer using Guid(b19d7954d493ba7439542c8b7150679f) Importer(815301076,1909f56bfc062723c751e8b465ee728b)  -> (artifact id: '3e123f4f45796698f5b49d2e5843fd8d') in 0.209044 seconds 
  Import took 0.217895 seconds .

========================================================================
Received Import Request.
  Time since last request: 0.000567 seconds.
  path: Assets/11070_astronaut_v4.obj
  artifactKey: Guid(f013fe898be5a844583d428e2b6f6333) Importer(815301076,1909f56bfc062723c751e8b465ee728b)
Start importing Assets/11070_astronaut_v4.obj using Guid(f013fe898be5a844583d428e2b6f6333) Importer(815301076,1909f56bfc062723c751e8b465ee728b)  -> (artifact id: 'ab37a9ba8776bfdde810386ccabb324e') in 0.875483 seconds 
  Import took 0.900616 seconds .

========================================================================
Received Import Request.
  Time since last request: 0.000454 seconds.
  path: Assets/New Terrain.asset
  artifactKey: Guid(2e6f3e1d540d4c5489c240827e8385b9) Importer(815301076,1909f56bfc062723c751e8b465ee728b)
Start importing Assets/New Terrain.asset using Guid(2e6f3e1d540d4c5489c240827e8385b9) Importer(815301076,1909f56bfc062723c751e8b465ee728b)  -> (artifact id: 'ade4cd3afc5ae5fe6bbe2f07bcc0ff71') in 0.040044 seconds 
  Import took 0.044037 seconds .

========================================================================
Received Import Request.
  Time since last request: 0.000408 seconds.
  path: Assets/Rocket-SoundBible.com-941967813.mp3
  artifactKey: Guid(a773e68902ff3d342a9c42f66facb949) Importer(815301076,1909f56bfc062723c751e8b465ee728b)
Start importing Assets/Rocket-SoundBible.com-941967813.mp3 using Guid(a773e68902ff3d342a9c42f66facb949) Importer(815301076,1909f56bfc062723c751e8b465ee728b)  -> (artifact id: '5961af13986ebd00e98b7053d82f4804') in 0.087022 seconds 
  Import took 0.091890 seconds .

========================================================================
Received Import Request.
  Time since last request: 0.000386 seconds.
  path: Assets/New Post-processing Profile.asset
  artifactKey: Guid(289af0b0135bf7047a4dacd85ea45d17) Importer(815301076,1909f56bfc062723c751e8b465ee728b)
Start importing Assets/New Post-processing Profile.asset using Guid(289af0b0135bf7047a4dacd85ea45d17) Importer(815301076,1909f56bfc062723c751e8b465ee728b)  -> (artifact id: '44d9dc9061dd32c5be9288b8719be7df') in 0.036049 seconds 
  Import took 0.040592 seconds .

========================================================================
Received Import Request.
  Time since last request: 465.537694 seconds.
  path: Assets/Scenes/PROJETO
  artifactKey: Guid(e0f366da9f15f884aa69243f99e8e164) Importer(815301076,1909f56bfc062723c751e8b465ee728b)
Start importing Assets/Scenes/PROJETO using Guid(e0f366da9f15f884aa69243f99e8e164) Importer(815301076,1909f56bfc062723c751e8b465ee728b)  -> (artifact id: '93a15af8f888a343dfde8d55d829b3f0') in 0.003711 seconds 
  Import took 0.009124 seconds .

========================================================================
Received Import Request.
  Time since last request: 1.595463 seconds.
  path: Assets/Scenes/PROJETO_Profiles
  artifactKey: Guid(59bcf2098ff57f743ac3ab7134a74186) Importer(815301076,1909f56bfc062723c751e8b465ee728b)
Start importing Assets/Scenes/PROJETO_Profiles using Guid(59bcf2098ff57f743ac3ab7134a74186) Importer(815301076,1909f56bfc062723c751e8b465ee728b)  -> (artifact id: 'd13dbd88e883adef35aa6e39003a0631') in 0.002818 seconds 
  Import took 0.006583 seconds .

========================================================================
Received Import Request.
  Time since last request: 0.121154 seconds.
  path: Assets/Scenes/PROJETO_Profiles/PostProcessingVolume Profile.asset
  artifactKey: Guid(5ea1f8f65f803ec40a5f1ce64ded9806) Importer(815301076,1909f56bfc062723c751e8b465ee728b)
Start importing Assets/Scenes/PROJETO_Profiles/PostProcessingVolume Profile.asset using Guid(5ea1f8f65f803ec40a5f1ce64ded9806) Importer(815301076,1909f56bfc062723c751e8b465ee728b)  -> (artifact id: '6f736e9e272016c6deec291cef19cbfd') in 0.007229 seconds 
  Import took 0.011223 seconds .

========================================================================
Received Import Request.
  Time since last request: 11.235743 seconds.
  path: Assets/AllSkyFree/Cartoon Base NightSky
  artifactKey: Guid(edfd7568a47754e23b20068c1847c5fb) Importer(815301076,1909f56bfc062723c751e8b465ee728b)
Start importing Assets/AllSkyFree/Cartoon Base NightSky using Guid(edfd7568a47754e23b20068c1847c5fb) Importer(815301076,1909f56bfc062723c751e8b465ee728b)  -> (artifact id: 'dda73375817968136f1a562435f94ab4') in 0.003828 seconds 
  Import took 0.009051 seconds .

========================================================================
Received Prepare
Registering precompiled user dll's ...
Registered in 0.006616 seconds.
Begin MonoManager ReloadAssembly
Native extension for WindowsStandalone target not found
Native extension for WebGL target not found
Refreshing native plugins compatible for Editor in 0.76 ms, found 2 plugins.
Preloading 0 native plugins for Editor in 0.00 ms.
Mono: successfully reloaded assembly
- Completed reload, in  1.300 seconds
Platform modules already initialized, skipping
Refreshing native plugins compatible for Editor in 0.72 ms, found 2 plugins.
Preloading 0 native plugins for Editor in 0.00 ms.
Unloading 2035 Unused Serialized files (Serialized files now loaded: 0)
System memory in use before: 90.1 MB.
System memory in use after: 89.7 MB.

Unloading 51 unused Assets to reduce memory usage. Loaded Objects now: 2525.
Total: 6.678800 ms (FindLiveObjects: 0.220700 ms CreateObjectMapping: 0.074800 ms MarkObjects: 5.945500 ms  DeleteObjects: 0.436700 ms)

AssetImportParameters requested are different than current active one (requested -> active):
  custom:framework-win-MediaFoundation: 216162199b28c13a410421893ffa2e32 -> 
  custom:video-decoder-ogg-theora: a1e56fd34408186e4bbccfd4996cb3dc -> 
  custom:container-muxer-webm: aa71ff27fc2769a1b78a27578f13a17b -> 
  custom:container-demuxer-webm: 4f35f7cbe854078d1ac9338744f61a02 -> 
  custom:container-demuxer-ogg: 62fdf1f143b41e24485cea50d1cbac27 -> 
  custom:video-encoder-webm-vp8: eb34c28f22e8b96e1ab97ce403110664 -> 
  custom:video-codec-MediaFoundation-h265: 746d11721c4dcdbdad8f713fa42b33f4 -> 
  custom:video-decoder-webm-vp8: 9c59270c3fd7afecdb556c50c9e8de78 -> 
  custom:audio-decoder-ogg-vorbis: bf7c407c2cedff20999df2af8eb42d56 -> 
  custom:audio-encoder-webm-vorbis: bf7c407c2cedff20999df2af8eb42d56 -> 
========================================================================
Received Import Request.
  Time since last request: 50.841652 seconds.
  path: Assets/Scenes/PROJETO.unity
  artifactKey: Guid(0b05ef6ddc1a5af4493ac0f7ee84b34f) Importer(815301076,1909f56bfc062723c751e8b465ee728b)
Start importing Assets/Scenes/PROJETO.unity using Guid(0b05ef6ddc1a5af4493ac0f7ee84b34f) Importer(815301076,1909f56bfc062723c751e8b465ee728b)  -> (artifact id: '8bb13e8f6d0d698806f7b35d84381112') in 0.014016 seconds 
  Import took 0.017332 seconds .

========================================================================
Received Import Request.
  Time since last request: 11.611895 seconds.
  path: Assets/Scenes/SampleScene.unity
  artifactKey: Guid(53a0cf6a756654d4dbd79e26d5b25062) Importer(815301076,1909f56bfc062723c751e8b465ee728b)
Start importing Assets/Scenes/SampleScene.unity using Guid(53a0cf6a756654d4dbd79e26d5b25062) Importer(815301076,1909f56bfc062723c751e8b465ee728b)  -> (artifact id: '6823a37f8ddc42a513fd1b44af7cc41a') in 0.005048 seconds 
  Import took 0.011274 seconds .

========================================================================
Received Prepare
Registering precompiled user dll's ...
Registered in 0.020421 seconds.
Begin MonoManager ReloadAssembly
Native extension for WindowsStandalone target not found
Native extension for WebGL target not found
Refreshing native plugins compatible for Editor in 1.18 ms, found 2 plugins.
Preloading 0 native plugins for Editor in 0.00 ms.
Mono: successfully reloaded assembly
- Completed reload, in  3.166 seconds
Platform modules already initialized, skipping
